# JRE version: Java(TM) SE Runtime Environment (8.0_45-b15) (build 1.8.0_45-b15)
# Java VM: Java HotSpot(TM) 64-Bit Server VM (25.45-b02 mixed mode windows-amd64 compressed oops)
Heap:
 PSYoungGen      total 124928K, used 22322K [0x00000000f5580000, 0x00000000fea00000, 0x0000000100000000)
  eden space 98816K, 22% used [0x00000000f5580000,0x00000000f6b4c968,0x00000000fb600000)
  from space 26112K, 0% used [0x00000000fd080000,0x00000000fd080000,0x00000000fea00000)
  to   space 26624K, 0% used [0x00000000fb600000,0x00000000fb600000,0x00000000fd000000)
 ParOldGen       total 114688K, used 47382K [0x00000000e0000000, 0x00000000e7000000, 0x00000000f5580000)
  object space 114688K, 41% used [0x00000000e0000000,0x00000000e2e45a90,0x00000000e7000000)
 Metaspace       used 78466K, capacity 85140K, committed 85504K, reserved 1122304K
  class space    used 9549K, capacity 11666K, committed 11776K, reserved 1048576K
GC Heap History (10 events):
Event: 263.912 GC heap before
{Heap before GC invocations=21 (full 7):
 PSYoungGen      total 126464K, used 1178K [0x00000000f5580000, 0x00000000fec00000, 0x0000000100000000)
  eden space 98816K, 0% used [0x00000000f5580000,0x00000000f5580000,0x00000000fb600000)
  from space 27648K, 4% used [0x00000000fd100000,0x00000000fd226aa0,0x00000000fec00000)
  to   space 27648K, 0% used [0x00000000fb600000,0x00000000fb600000,0x00000000fd100000)
 ParOldGen       total 114688K, used 47307K [0x00000000e0000000, 0x00000000e7000000, 0x00000000f5580000)
  object space 114688K, 41% used [0x00000000e0000000,0x00000000e2e32ce0,0x00000000e7000000)
 Metaspace       used 76811K, capacity 83198K, committed 83456K, reserved 1122304K
  class space    used 9377K, capacity 11471K, committed 11520K, reserved 1048576K
Event: 264.116 GC heap after
Heap after GC invocations=21 (full 7):
 PSYoungGen      total 126464K, used 0K [0x00000000f5580000, 0x00000000fec00000, 0x0000000100000000)
  eden space 98816K, 0% used [0x00000000f5580000,0x00000000f5580000,0x00000000fb600000)
  from space 27648K, 0% used [0x00000000fd100000,0x00000000fd100000,0x00000000fec00000)
  to   space 27648K, 0% used [0x00000000fb600000,0x00000000fb600000,0x00000000fd100000)
 ParOldGen       total 114688K, used 47127K [0x00000000e0000000, 0x00000000e7000000, 0x00000000f5580000)
  object space 114688K, 41% used [0x00000000e0000000,0x00000000e2e05f18,0x00000000e7000000)
 Metaspace       used 76811K, capacity 83198K, committed 83456K, reserved 1122304K
  class space    used 9377K, capacity 11471K, committed 11520K, reserved 1048576K
}
Event: 323.904 GC heap before
{Heap before GC invocations=22 (full 7):
 PSYoungGen      total 126464K, used 9891K [0x00000000f5580000, 0x00000000fec00000, 0x0000000100000000)
  eden space 98816K, 10% used [0x00000000f5580000,0x00000000f5f28d28,0x00000000fb600000)
  from space 27648K, 0% used [0x00000000fd100000,0x00000000fd100000,0x00000000fec00000)
  to   space 27648K, 0% used [0x00000000fb600000,0x00000000fb600000,0x00000000fd100000)
 ParOldGen       total 114688K, used 47127K [0x00000000e0000000, 0x00000000e7000000, 0x00000000f5580000)
  object space 114688K, 41% used [0x00000000e0000000,0x00000000e2e05f18,0x00000000e7000000)
 Metaspace       used 77253K, capacity 83678K, committed 83712K, reserved 1122304K
  class space    used 9410K, capacity 11503K, committed 11520K, reserved 1048576K
Event: 323.915 GC heap after
Heap after GC invocations=22 (full 7):
 PSYoungGen      total 99840K, used 896K [0x00000000f5580000, 0x00000000feb00000, 0x0000000100000000)
  eden space 98816K, 0% used [0x00000000f5580000,0x00000000f5580000,0x00000000fb600000)
  from space 1024K, 87% used [0x00000000fb600000,0x00000000fb6e0000,0x00000000fb700000)
  to   space 27136K, 0% used [0x00000000fd080000,0x00000000fd080000,0x00000000feb00000)
 ParOldGen       total 114688K, used 47199K [0x00000000e0000000, 0x00000000e7000000, 0x00000000f5580000)
  object space 114688K, 41% used [0x00000000e0000000,0x00000000e2e17f28,0x00000000e7000000)
 Metaspace       used 77253K, capacity 83678K, committed 83712K, reserved 1122304K
  class space    used 9410K, capacity 11503K, committed 11520K, reserved 1048576K
}
Event: 323.915 GC heap before
{Heap before GC invocations=23 (full 8):
 PSYoungGen      total 99840K, used 896K [0x00000000f5580000, 0x00000000feb00000, 0x0000000100000000)
  eden space 98816K, 0% used [0x00000000f5580000,0x00000000f5580000,0x00000000fb600000)
  from space 1024K, 87% used [0x00000000fb600000,0x00000000fb6e0000,0x00000000fb700000)
  to   space 27136K, 0% used [0x00000000fd080000,0x00000000fd080000,0x00000000feb00000)
 ParOldGen       total 114688K, used 47199K [0x00000000e0000000, 0x00000000e7000000, 0x00000000f5580000)
  object space 114688K, 41% used [0x00000000e0000000,0x00000000e2e17f28,0x00000000e7000000)
 Metaspace       used 77253K, capacity 83678K, committed 83712K, reserved 1122304K
  class space    used 9410K, capacity 11503K, committed 11520K, reserved 1048576K
Event: 324.181 GC heap after
Heap after GC invocations=23 (full 8):
 PSYoungGen      total 99840K, used 0K [0x00000000f5580000, 0x00000000feb00000, 0x0000000100000000)
  eden space 98816K, 0% used [0x00000000f5580000,0x00000000f5580000,0x00000000fb600000)
  from space 1024K, 0% used [0x00000000fb600000,0x00000000fb600000,0x00000000fb700000)
  to   space 27136K, 0% used [0x00000000fd080000,0x00000000fd080000,0x00000000feb00000)
 ParOldGen       total 114688K, used 47263K [0x00000000e0000000, 0x00000000e7000000, 0x00000000f5580000)
  object space 114688K, 41% used [0x00000000e0000000,0x00000000e2e27c28,0x00000000e7000000)
 Metaspace       used 77253K, capacity 83678K, committed 83712K, reserved 1122304K
  class space    used 9410K, capacity 11503K, committed 11520K, reserved 1048576K
}
Event: 393.030 GC heap before
{Heap before GC invocations=24 (full 8):
 PSYoungGen      total 99840K, used 11750K [0x00000000f5580000, 0x00000000feb00000, 0x0000000100000000)
  eden space 98816K, 11% used [0x00000000f5580000,0x00000000f60f9870,0x00000000fb600000)
  from space 1024K, 0% used [0x00000000fb600000,0x00000000fb600000,0x00000000fb700000)
  to   space 27136K, 0% used [0x00000000fd080000,0x00000000fd080000,0x00000000feb00000)
 ParOldGen       total 114688K, used 47263K [0x00000000e0000000, 0x00000000e7000000, 0x00000000f5580000)
  object space 114688K, 41% used [0x00000000e0000000,0x00000000e2e27c28,0x00000000e7000000)
 Metaspace       used 77529K, capacity 83966K, committed 84096K, reserved 1122304K
  class space    used 9438K, capacity 11535K, committed 11648K, reserved 1048576K
Event: 393.041 GC heap after
Heap after GC invocations=24 (full 8):
 PSYoungGen      total 124928K, used 631K [0x00000000f5580000, 0x00000000fea00000, 0x0000000100000000)
  eden space 98816K, 0% used [0x00000000f5580000,0x00000000f5580000,0x00000000fb600000)
  from space 26112K, 2% used [0x00000000fd080000,0x00000000fd11dcb8,0x00000000fea00000)
  to   space 26624K, 0% used [0x00000000fb600000,0x00000000fb600000,0x00000000fd000000)
 ParOldGen       total 114688K, used 47263K [0x00000000e0000000, 0x00000000e7000000, 0x00000000f5580000)
  object space 114688K, 41% used [0x00000000e0000000,0x00000000e2e27c28,0x00000000e7000000)
 Metaspace       used 77529K, capacity 83966K, committed 84096K, reserved 1122304K
  class space    used 9438K, capacity 11535K, committed 11648K, reserved 1048576K
}
Event: 393.041 GC heap before
{Heap before GC invocations=25 (full 9):
 PSYoungGen      total 124928K, used 631K [0x00000000f5580000, 0x00000000fea00000, 0x0000000100000000)
  eden space 98816K, 0% used [0x00000000f5580000,0x00000000f5580000,0x00000000fb600000)
  from space 26112K, 2% used [0x00000000fd080000,0x00000000fd11dcb8,0x00000000fea00000)
  to   space 26624K, 0% used [0x00000000fb600000,0x00000000fb600000,0x00000000fd000000)
 ParOldGen       total 114688K, used 47263K [0x00000000e0000000, 0x00000000e7000000, 0x00000000f5580000)
  object space 114688K, 41% used [0x00000000e0000000,0x00000000e2e27c28,0x00000000e7000000)
 Metaspace       used 77529K, capacity 83966K, committed 84096K, reserved 1122304K
  class space    used 9438K, capacity 11535K, committed 11648K, reserved 1048576K
Event: 393.383 GC heap after
Heap after GC invocations=25 (full 9):
 PSYoungGen      total 124928K, used 0K [0x00000000f5580000, 0x00000000fea00000, 0x0000000100000000)
  eden space 98816K, 0% used [0x00000000f5580000,0x00000000f5580000,0x00000000fb600000)
  from space 26112K, 0% used [0x00000000fd080000,0x00000000fd080000,0x00000000fea00000)
  to   space 26624K, 0% used [0x00000000fb600000,0x00000000fb600000,0x00000000fd000000)
 ParOldGen       total 114688K, used 47382K [0x00000000e0000000, 0x00000000e7000000, 0x00000000f5580000)
  object space 114688K, 41% used [0x00000000e0000000,0x00000000e2e45a90,0x00000000e7000000)
 Metaspace       used 77529K, capacity 83966K, committed 84096K, reserved 1122304K
  class space    used 9438K, capacity 11535K, committed 11648K, reserved 1048576K
}

