# JRE version: Java(TM) SE Runtime Environment (8.0_45-b15) (build 1.8.0_45-b15)
# Java VM: Java HotSpot(TM) 64-Bit Server VM (25.45-b02 mixed mode windows-amd64 compressed oops)
Heap:
 PSYoungGen      total 96768K, used 60154K [0x00000000f5580000, 0x00000000fd980000, 0x0000000100000000)
  eden space 76800K, 52% used [0x00000000f5580000,0x00000000f7cbf8b8,0x00000000fa080000)
  from space 19968K, 99% used [0x00000000fa080000,0x00000000fb3ff2c8,0x00000000fb400000)
  to   space 24064K, 0% used [0x00000000fc200000,0x00000000fc200000,0x00000000fd980000)
 ParOldGen       total 107008K, used 43747K [0x00000000e0000000, 0x00000000e6880000, 0x00000000f5580000)
  object space 107008K, 40% used [0x00000000e0000000,0x00000000e2ab8f20,0x00000000e6880000)
 Metaspace       used 73759K, capacity 80188K, committed 80512K, reserved 1118208K
  class space    used 9205K, capacity 11294K, committed 11392K, reserved 1048576K
GC Heap History (10 events):
Event: 5.125 GC heap before
{Heap before GC invocations=10 (full 2):
 PSYoungGen      total 60928K, used 45568K [0x00000000f5580000, 0x00000000fb900000, 0x0000000100000000)
  eden space 45568K, 100% used [0x00000000f5580000,0x00000000f8200000,0x00000000f8200000)
  from space 15360K, 0% used [0x00000000f8200000,0x00000000f8200000,0x00000000f9100000)
  to   space 15360K, 0% used [0x00000000faa00000,0x00000000faa00000,0x00000000fb900000)
 ParOldGen       total 70144K, used 20789K [0x00000000e0000000, 0x00000000e4480000, 0x00000000f5580000)
  object space 70144K, 29% used [0x00000000e0000000,0x00000000e144d668,0x00000000e4480000)
 Metaspace       used 42889K, capacity 46368K, committed 46464K, reserved 1089536K
  class space    used 5147K, capacity 6204K, committed 6272K, reserved 1048576K
Event: 5.140 GC heap after
Heap after GC invocations=10 (full 2):
 PSYoungGen      total 78848K, used 13182K [0x00000000f5580000, 0x00000000fb700000, 0x0000000100000000)
  eden space 65536K, 0% used [0x00000000f5580000,0x00000000f5580000,0x00000000f9580000)
  from space 13312K, 99% used [0x00000000faa00000,0x00000000fb6dfb90,0x00000000fb700000)
  to   space 16896K, 0% used [0x00000000f9600000,0x00000000f9600000,0x00000000fa680000)
 ParOldGen       total 70144K, used 20797K [0x00000000e0000000, 0x00000000e4480000, 0x00000000f5580000)
  object space 70144K, 29% used [0x00000000e0000000,0x00000000e144f668,0x00000000e4480000)
 Metaspace       used 42889K, capacity 46368K, committed 46464K, reserved 1089536K
  class space    used 5147K, capacity 6204K, committed 6272K, reserved 1048576K
}
Event: 6.410 GC heap before
{Heap before GC invocations=11 (full 2):
 PSYoungGen      total 78848K, used 66662K [0x00000000f5580000, 0x00000000fb700000, 0x0000000100000000)
  eden space 65536K, 81% used [0x00000000f5580000,0x00000000f89b9c98,0x00000000f9580000)
  from space 13312K, 99% used [0x00000000faa00000,0x00000000fb6dfb90,0x00000000fb700000)
  to   space 16896K, 0% used [0x00000000f9600000,0x00000000f9600000,0x00000000fa680000)
 ParOldGen       total 70144K, used 20797K [0x00000000e0000000, 0x00000000e4480000, 0x00000000f5580000)
  object space 70144K, 29% used [0x00000000e0000000,0x00000000e144f668,0x00000000e4480000)
 Metaspace       used 54509K, capacity 59066K, committed 59160K, reserved 1099776K
  class space    used 6662K, capacity 8048K, committed 8064K, reserved 1048576K
Event: 6.433 GC heap after
Heap after GC invocations=11 (full 2):
 PSYoungGen      total 82944K, used 16894K [0x00000000f5580000, 0x00000000fce80000, 0x0000000100000000)
  eden space 66048K, 0% used [0x00000000f5580000,0x00000000f5580000,0x00000000f9600000)
  from space 16896K, 99% used [0x00000000f9600000,0x00000000fa67f820,0x00000000fa680000)
  to   space 20992K, 0% used [0x00000000fba00000,0x00000000fba00000,0x00000000fce80000)
 ParOldGen       total 70144K, used 25395K [0x00000000e0000000, 0x00000000e4480000, 0x00000000f5580000)
  object space 70144K, 36% used [0x00000000e0000000,0x00000000e18ccec0,0x00000000e4480000)
 Metaspace       used 54509K, capacity 59066K, committed 59160K, reserved 1099776K
  class space    used 6662K, capacity 8048K, committed 8064K, reserved 1048576K
}
Event: 6.433 GC heap before
{Heap before GC invocations=12 (full 3):
 PSYoungGen      total 82944K, used 16894K [0x00000000f5580000, 0x00000000fce80000, 0x0000000100000000)
  eden space 66048K, 0% used [0x00000000f5580000,0x00000000f5580000,0x00000000f9600000)
  from space 16896K, 99% used [0x00000000f9600000,0x00000000fa67f820,0x00000000fa680000)
  to   space 20992K, 0% used [0x00000000fba00000,0x00000000fba00000,0x00000000fce80000)
 ParOldGen       total 70144K, used 25395K [0x00000000e0000000, 0x00000000e4480000, 0x00000000f5580000)
  object space 70144K, 36% used [0x00000000e0000000,0x00000000e18ccec0,0x00000000e4480000)
 Metaspace       used 54509K, capacity 59066K, committed 59160K, reserved 1099776K
  class space    used 6662K, capacity 8048K, committed 8064K, reserved 1048576K
Event: 6.709 GC heap after
Heap after GC invocations=12 (full 3):
 PSYoungGen      total 82944K, used 0K [0x00000000f5580000, 0x00000000fce80000, 0x0000000100000000)
  eden space 66048K, 0% used [0x00000000f5580000,0x00000000f5580000,0x00000000f9600000)
  from space 16896K, 0% used [0x00000000f9600000,0x00000000f9600000,0x00000000fa680000)
  to   space 20992K, 0% used [0x00000000fba00000,0x00000000fba00000,0x00000000fce80000)
 ParOldGen       total 107008K, used 40465K [0x00000000e0000000, 0x00000000e6880000, 0x00000000f5580000)
  object space 107008K, 37% used [0x00000000e0000000,0x00000000e2784578,0x00000000e6880000)
 Metaspace       used 54509K, capacity 59066K, committed 59160K, reserved 1099776K
  class space    used 6662K, capacity 8048K, committed 8064K, reserved 1048576K
}
Event: 7.341 GC heap before
{Heap before GC invocations=13 (full 3):
 PSYoungGen      total 82944K, used 66048K [0x00000000f5580000, 0x00000000fce80000, 0x0000000100000000)
  eden space 66048K, 100% used [0x00000000f5580000,0x00000000f9600000,0x00000000f9600000)
  from space 16896K, 0% used [0x00000000f9600000,0x00000000f9600000,0x00000000fa680000)
  to   space 20992K, 0% used [0x00000000fba00000,0x00000000fba00000,0x00000000fce80000)
 ParOldGen       total 107008K, used 40465K [0x00000000e0000000, 0x00000000e6880000, 0x00000000f5580000)
  object space 107008K, 37% used [0x00000000e0000000,0x00000000e2784578,0x00000000e6880000)
 Metaspace       used 59170K, capacity 64000K, committed 64128K, reserved 1103872K
  class space    used 7348K, capacity 8776K, committed 8832K, reserved 1048576K
Event: 7.357 GC heap after
Heap after GC invocations=13 (full 3):
 PSYoungGen      total 90624K, used 10432K [0x00000000f5580000, 0x00000000fc780000, 0x0000000100000000)
  eden space 76800K, 0% used [0x00000000f5580000,0x00000000f5580000,0x00000000fa080000)
  from space 13824K, 75% used [0x00000000fba00000,0x00000000fc430350,0x00000000fc780000)
  to   space 19968K, 0% used [0x00000000fa080000,0x00000000fa080000,0x00000000fb400000)
 ParOldGen       total 107008K, used 40473K [0x00000000e0000000, 0x00000000e6880000, 0x00000000f5580000)
  object space 107008K, 37% used [0x00000000e0000000,0x00000000e2786578,0x00000000e6880000)
 Metaspace       used 59170K, capacity 64000K, committed 64128K, reserved 1103872K
  class space    used 7348K, capacity 8776K, committed 8832K, reserved 1048576K
}
Event: 15.823 GC heap before
{Heap before GC invocations=14 (full 3):
 PSYoungGen      total 90624K, used 87232K [0x00000000f5580000, 0x00000000fc780000, 0x0000000100000000)
  eden space 76800K, 100% used [0x00000000f5580000,0x00000000fa080000,0x00000000fa080000)
  from space 13824K, 75% used [0x00000000fba00000,0x00000000fc430350,0x00000000fc780000)
  to   space 19968K, 0% used [0x00000000fa080000,0x00000000fa080000,0x00000000fb400000)
 ParOldGen       total 107008K, used 40473K [0x00000000e0000000, 0x00000000e6880000, 0x00000000f5580000)
  object space 107008K, 37% used [0x00000000e0000000,0x00000000e2786578,0x00000000e6880000)
 Metaspace       used 70798K, capacity 76996K, committed 77056K, reserved 1116160K
  class space    used 8859K, capacity 10739K, committed 10752K, reserved 1048576K
Event: 15.848 GC heap after
Heap after GC invocations=14 (full 3):
 PSYoungGen      total 96768K, used 19964K [0x00000000f5580000, 0x00000000fd980000, 0x0000000100000000)
  eden space 76800K, 0% used [0x00000000f5580000,0x00000000f5580000,0x00000000fa080000)
  from space 19968K, 99% used [0x00000000fa080000,0x00000000fb3ff2c8,0x00000000fb400000)
  to   space 24064K, 0% used [0x00000000fc200000,0x00000000fc200000,0x00000000fd980000)
 ParOldGen       total 107008K, used 43747K [0x00000000e0000000, 0x00000000e6880000, 0x00000000f5580000)
  object space 107008K, 40% used [0x00000000e0000000,0x00000000e2ab8f20,0x00000000e6880000)
 Metaspace       used 70798K, capacity 76996K, committed 77056K, reserved 1116160K
  class space    used 8859K, capacity 10739K, committed 10752K, reserved 1048576K
}

