# JRE version: Java(TM) SE Runtime Environment (8.0_45-b15) (build 1.8.0_45-b15)
# Java VM: Java HotSpot(TM) 64-Bit Server VM (25.45-b02 mixed mode windows-amd64 compressed oops)
Heap:
 PSYoungGen      total 112640K, used 44836K [0x00000000f5580000, 0x00000000fe200000, 0x0000000100000000)
  eden space 83456K, 53% used [0x00000000f5580000,0x00000000f81491b0,0x00000000fa700000)
  from space 29184K, 0% used [0x00000000fa700000,0x00000000fa700000,0x00000000fc380000)
  to   space 29696K, 0% used [0x00000000fc500000,0x00000000fc500000,0x00000000fe200000)
 ParOldGen       total 116736K, used 50193K [0x00000000e0000000, 0x00000000e7200000, 0x00000000f5580000)
  object space 116736K, 42% used [0x00000000e0000000,0x00000000e31044b0,0x00000000e7200000)
 Metaspace       used 82015K, capacity 88614K, committed 88832K, reserved 1126400K
  class space    used 10296K, capacity 12424K, committed 12544K, reserved 1048576K
GC Heap History (10 events):
Event: 7.028 GC heap before
{Heap before GC invocations=11 (full 3):
 PSYoungGen      total 83968K, used 61952K [0x00000000f5580000, 0x00000000fd780000, 0x0000000100000000)
  eden space 61952K, 100% used [0x00000000f5580000,0x00000000f9200000,0x00000000f9200000)
  from space 22016K, 0% used [0x00000000f9200000,0x00000000f9200000,0x00000000fa780000)
  to   space 24064K, 0% used [0x00000000fc000000,0x00000000fc000000,0x00000000fd780000)
 ParOldGen       total 116736K, used 36941K [0x00000000e0000000, 0x00000000e7200000, 0x00000000f5580000)
  object space 116736K, 31% used [0x00000000e0000000,0x00000000e2413478,0x00000000e7200000)
 Metaspace       used 59230K, capacity 63938K, committed 64128K, reserved 1103872K
  class space    used 7347K, capacity 8774K, committed 8832K, reserved 1048576K
Event: 7.040 GC heap after
Heap after GC invocations=11 (full 3):
 PSYoungGen      total 90624K, used 9842K [0x00000000f5580000, 0x00000000fcd80000, 0x0000000100000000)
  eden space 76800K, 0% used [0x00000000f5580000,0x00000000f5580000,0x00000000fa080000)
  from space 13824K, 71% used [0x00000000fc000000,0x00000000fc99cbd8,0x00000000fcd80000)
  to   space 23040K, 0% used [0x00000000fa080000,0x00000000fa080000,0x00000000fb700000)
 ParOldGen       total 116736K, used 36949K [0x00000000e0000000, 0x00000000e7200000, 0x00000000f5580000)
  object space 116736K, 31% used [0x00000000e0000000,0x00000000e2415478,0x00000000e7200000)
 Metaspace       used 59230K, capacity 63938K, committed 64128K, reserved 1103872K
  class space    used 7347K, capacity 8774K, committed 8832K, reserved 1048576K
}
Event: 18.248 GC heap before
{Heap before GC invocations=12 (full 3):
 PSYoungGen      total 90624K, used 86642K [0x00000000f5580000, 0x00000000fcd80000, 0x0000000100000000)
  eden space 76800K, 100% used [0x00000000f5580000,0x00000000fa080000,0x00000000fa080000)
  from space 13824K, 71% used [0x00000000fc000000,0x00000000fc99cbd8,0x00000000fcd80000)
  to   space 23040K, 0% used [0x00000000fa080000,0x00000000fa080000,0x00000000fb700000)
 ParOldGen       total 116736K, used 36949K [0x00000000e0000000, 0x00000000e7200000, 0x00000000f5580000)
  object space 116736K, 31% used [0x00000000e0000000,0x00000000e2415478,0x00000000e7200000)
 Metaspace       used 71117K, capacity 77030K, committed 77184K, reserved 1116160K
  class space    used 8966K, capacity 10814K, committed 10880K, reserved 1048576K
Event: 18.272 GC heap after
Heap after GC invocations=12 (full 3):
 PSYoungGen      total 99840K, used 23027K [0x00000000f5580000, 0x00000000fdd80000, 0x0000000100000000)
  eden space 76800K, 0% used [0x00000000f5580000,0x00000000f5580000,0x00000000fa080000)
  from space 23040K, 99% used [0x00000000fa080000,0x00000000fb6fcf78,0x00000000fb700000)
  to   space 26624K, 0% used [0x00000000fc380000,0x00000000fc380000,0x00000000fdd80000)
 ParOldGen       total 116736K, used 37230K [0x00000000e0000000, 0x00000000e7200000, 0x00000000f5580000)
  object space 116736K, 31% used [0x00000000e0000000,0x00000000e245bb70,0x00000000e7200000)
 Metaspace       used 71117K, capacity 77030K, committed 77184K, reserved 1116160K
  class space    used 8966K, capacity 10814K, committed 10880K, reserved 1048576K
}
Event: 40.967 GC heap before
{Heap before GC invocations=13 (full 3):
 PSYoungGen      total 99840K, used 99827K [0x00000000f5580000, 0x00000000fdd80000, 0x0000000100000000)
  eden space 76800K, 100% used [0x00000000f5580000,0x00000000fa080000,0x00000000fa080000)
  from space 23040K, 99% used [0x00000000fa080000,0x00000000fb6fcf78,0x00000000fb700000)
  to   space 26624K, 0% used [0x00000000fc380000,0x00000000fc380000,0x00000000fdd80000)
 ParOldGen       total 116736K, used 37230K [0x00000000e0000000, 0x00000000e7200000, 0x00000000f5580000)
  object space 116736K, 31% used [0x00000000e0000000,0x00000000e245bb70,0x00000000e7200000)
 Metaspace       used 78936K, capacity 85378K, committed 85504K, reserved 1122304K
  class space    used 9934K, capacity 11907K, committed 12032K, reserved 1048576K
Event: 40.992 GC heap after
Heap after GC invocations=13 (full 3):
 PSYoungGen      total 110080K, used 24134K [0x00000000f5580000, 0x00000000fe100000, 0x0000000100000000)
  eden space 83456K, 0% used [0x00000000f5580000,0x00000000f5580000,0x00000000fa700000)
  from space 26624K, 90% used [0x00000000fc380000,0x00000000fdb11b60,0x00000000fdd80000)
  to   space 29184K, 0% used [0x00000000fa700000,0x00000000fa700000,0x00000000fc380000)
 ParOldGen       total 116736K, used 37238K [0x00000000e0000000, 0x00000000e7200000, 0x00000000f5580000)
  object space 116736K, 31% used [0x00000000e0000000,0x00000000e245db70,0x00000000e7200000)
 Metaspace       used 78936K, capacity 85378K, committed 85504K, reserved 1122304K
  class space    used 9934K, capacity 11907K, committed 12032K, reserved 1048576K
}
Event: 63.085 GC heap before
{Heap before GC invocations=14 (full 3):
 PSYoungGen      total 110080K, used 48474K [0x00000000f5580000, 0x00000000fe100000, 0x0000000100000000)
  eden space 83456K, 29% used [0x00000000f5580000,0x00000000f6d44cc8,0x00000000fa700000)
  from space 26624K, 90% used [0x00000000fc380000,0x00000000fdb11b60,0x00000000fdd80000)
  to   space 29184K, 0% used [0x00000000fa700000,0x00000000fa700000,0x00000000fc380000)
 ParOldGen       total 116736K, used 37238K [0x00000000e0000000, 0x00000000e7200000, 0x00000000f5580000)
  object space 116736K, 31% used [0x00000000e0000000,0x00000000e245db70,0x00000000e7200000)
 Metaspace       used 80595K, capacity 87220K, committed 87296K, reserved 1124352K
  class space    used 10161K, capacity 12261K, committed 12288K, reserved 1048576K
Event: 63.121 GC heap after
Heap after GC invocations=14 (full 3):
 PSYoungGen      total 112640K, used 19501K [0x00000000f5580000, 0x00000000fe200000, 0x0000000100000000)
  eden space 83456K, 0% used [0x00000000f5580000,0x00000000f5580000,0x00000000fa700000)
  from space 29184K, 66% used [0x00000000fa700000,0x00000000fba0b7d0,0x00000000fc380000)
  to   space 29696K, 0% used [0x00000000fc500000,0x00000000fc500000,0x00000000fe200000)
 ParOldGen       total 116736K, used 37246K [0x00000000e0000000, 0x00000000e7200000, 0x00000000f5580000)
  object space 116736K, 31% used [0x00000000e0000000,0x00000000e245fb70,0x00000000e7200000)
 Metaspace       used 80595K, capacity 87220K, committed 87296K, reserved 1124352K
  class space    used 10161K, capacity 12261K, committed 12288K, reserved 1048576K
}
Event: 63.121 GC heap before
{Heap before GC invocations=15 (full 4):
 PSYoungGen      total 112640K, used 19501K [0x00000000f5580000, 0x00000000fe200000, 0x0000000100000000)
  eden space 83456K, 0% used [0x00000000f5580000,0x00000000f5580000,0x00000000fa700000)
  from space 29184K, 66% used [0x00000000fa700000,0x00000000fba0b7d0,0x00000000fc380000)
  to   space 29696K, 0% used [0x00000000fc500000,0x00000000fc500000,0x00000000fe200000)
 ParOldGen       total 116736K, used 37246K [0x00000000e0000000, 0x00000000e7200000, 0x00000000f5580000)
  object space 116736K, 31% used [0x00000000e0000000,0x00000000e245fb70,0x00000000e7200000)
 Metaspace       used 80595K, capacity 87220K, committed 87296K, reserved 1124352K
  class space    used 10161K, capacity 12261K, committed 12288K, reserved 1048576K
Event: 63.553 GC heap after
Heap after GC invocations=15 (full 4):
 PSYoungGen      total 112640K, used 0K [0x00000000f5580000, 0x00000000fe200000, 0x0000000100000000)
  eden space 83456K, 0% used [0x00000000f5580000,0x00000000f5580000,0x00000000fa700000)
  from space 29184K, 0% used [0x00000000fa700000,0x00000000fa700000,0x00000000fc380000)
  to   space 29696K, 0% used [0x00000000fc500000,0x00000000fc500000,0x00000000fe200000)
 ParOldGen       total 116736K, used 50193K [0x00000000e0000000, 0x00000000e7200000, 0x00000000f5580000)
  object space 116736K, 42% used [0x00000000e0000000,0x00000000e31044b0,0x00000000e7200000)
 Metaspace       used 80595K, capacity 87220K, committed 87296K, reserved 1124352K
  class space    used 10161K, capacity 12261K, committed 12288K, reserved 1048576K
}

