# JRE version: Java(TM) SE Runtime Environment (8.0_45-b15) (build 1.8.0_45-b15)
# Java VM: Java HotSpot(TM) 64-Bit Server VM (25.45-b02 mixed mode windows-amd64 compressed oops)
Heap:
 PSYoungGen      total 96256K, used 86427K [0x00000000f5580000, 0x00000000fd800000, 0x0000000100000000)
  eden space 73216K, 90% used [0x00000000f5580000,0x00000000f95e76a0,0x00000000f9d00000)
  from space 23040K, 88% used [0x00000000f9d00000,0x00000000fb0ff938,0x00000000fb380000)
  to   space 25600K, 0% used [0x00000000fbf00000,0x00000000fbf00000,0x00000000fd800000)
 ParOldGen       total 118272K, used 37691K [0x00000000e0000000, 0x00000000e7380000, 0x00000000f5580000)
  object space 118272K, 31% used [0x00000000e0000000,0x00000000e24cef90,0x00000000e7380000)
 Metaspace       used 74618K, capacity 81170K, committed 81280K, reserved 1120256K
  class space    used 9322K, capacity 11384K, committed 11392K, reserved 1048576K
GC Heap History (10 events):
Event: 5.772 GC heap before
{Heap before GC invocations=8 (full 2):
 PSYoungGen      total 65024K, used 62464K [0x00000000f5580000, 0x00000000fb480000, 0x0000000100000000)
  eden space 62464K, 100% used [0x00000000f5580000,0x00000000f9280000,0x00000000f9280000)
  from space 2560K, 0% used [0x00000000f9580000,0x00000000f9580000,0x00000000f9800000)
  to   space 17408K, 0% used [0x00000000fa380000,0x00000000fa380000,0x00000000fb480000)
 ParOldGen       total 89088K, used 29151K [0x00000000e0000000, 0x00000000e5700000, 0x00000000f5580000)
  object space 89088K, 32% used [0x00000000e0000000,0x00000000e1c77db8,0x00000000e5700000)
 Metaspace       used 46852K, capacity 51226K, committed 51328K, reserved 1093632K
  class space    used 5711K, capacity 6964K, committed 7040K, reserved 1048576K
Event: 5.793 GC heap after
Heap after GC invocations=8 (full 2):
 PSYoungGen      total 75776K, used 17404K [0x00000000f5580000, 0x00000000fd000000, 0x0000000100000000)
  eden space 58368K, 0% used [0x00000000f5580000,0x00000000f5580000,0x00000000f8e80000)
  from space 17408K, 99% used [0x00000000fa380000,0x00000000fb47f388,0x00000000fb480000)
  to   space 21504K, 0% used [0x00000000f8e80000,0x00000000f8e80000,0x00000000fa380000)
 ParOldGen       total 89088K, used 30785K [0x00000000e0000000, 0x00000000e5700000, 0x00000000f5580000)
  object space 89088K, 34% used [0x00000000e0000000,0x00000000e1e107d0,0x00000000e5700000)
 Metaspace       used 46852K, capacity 51226K, committed 51328K, reserved 1093632K
  class space    used 5711K, capacity 6964K, committed 7040K, reserved 1048576K
}
Event: 6.663 GC heap before
{Heap before GC invocations=9 (full 2):
 PSYoungGen      total 75776K, used 53632K [0x00000000f5580000, 0x00000000fd000000, 0x0000000100000000)
  eden space 58368K, 62% used [0x00000000f5580000,0x00000000f78e0f50,0x00000000f8e80000)
  from space 17408K, 99% used [0x00000000fa380000,0x00000000fb47f388,0x00000000fb480000)
  to   space 21504K, 0% used [0x00000000f8e80000,0x00000000f8e80000,0x00000000fa380000)
 ParOldGen       total 89088K, used 30785K [0x00000000e0000000, 0x00000000e5700000, 0x00000000f5580000)
  object space 89088K, 34% used [0x00000000e0000000,0x00000000e1e107d0,0x00000000e5700000)
 Metaspace       used 54469K, capacity 59066K, committed 59160K, reserved 1099776K
  class space    used 6656K, capacity 8048K, committed 8064K, reserved 1048576K
Event: 6.682 GC heap after
Heap after GC invocations=9 (full 2):
 PSYoungGen      total 79872K, used 18655K [0x00000000f5580000, 0x00000000fd200000, 0x0000000100000000)
  eden space 58368K, 0% used [0x00000000f5580000,0x00000000f5580000,0x00000000f8e80000)
  from space 21504K, 86% used [0x00000000f8e80000,0x00000000fa0b7c60,0x00000000fa380000)
  to   space 24064K, 0% used [0x00000000fba80000,0x00000000fba80000,0x00000000fd200000)
 ParOldGen       total 89088K, used 30793K [0x00000000e0000000, 0x00000000e5700000, 0x00000000f5580000)
  object space 89088K, 34% used [0x00000000e0000000,0x00000000e1e127d0,0x00000000e5700000)
 Metaspace       used 54469K, capacity 59066K, committed 59160K, reserved 1099776K
  class space    used 6656K, capacity 8048K, committed 8064K, reserved 1048576K
}
Event: 6.682 GC heap before
{Heap before GC invocations=10 (full 3):
 PSYoungGen      total 79872K, used 18655K [0x00000000f5580000, 0x00000000fd200000, 0x0000000100000000)
  eden space 58368K, 0% used [0x00000000f5580000,0x00000000f5580000,0x00000000f8e80000)
  from space 21504K, 86% used [0x00000000f8e80000,0x00000000fa0b7c60,0x00000000fa380000)
  to   space 24064K, 0% used [0x00000000fba80000,0x00000000fba80000,0x00000000fd200000)
 ParOldGen       total 89088K, used 30793K [0x00000000e0000000, 0x00000000e5700000, 0x00000000f5580000)
  object space 89088K, 34% used [0x00000000e0000000,0x00000000e1e127d0,0x00000000e5700000)
 Metaspace       used 54469K, capacity 59066K, committed 59160K, reserved 1099776K
  class space    used 6656K, capacity 8048K, committed 8064K, reserved 1048576K
Event: 6.878 GC heap after
Heap after GC invocations=10 (full 3):
 PSYoungGen      total 79872K, used 0K [0x00000000f5580000, 0x00000000fd200000, 0x0000000100000000)
  eden space 58368K, 0% used [0x00000000f5580000,0x00000000f5580000,0x00000000f8e80000)
  from space 21504K, 0% used [0x00000000f8e80000,0x00000000f8e80000,0x00000000fa380000)
  to   space 24064K, 0% used [0x00000000fba80000,0x00000000fba80000,0x00000000fd200000)
 ParOldGen       total 118272K, used 37675K [0x00000000e0000000, 0x00000000e7380000, 0x00000000f5580000)
  object space 118272K, 31% used [0x00000000e0000000,0x00000000e24caf90,0x00000000e7380000)
 Metaspace       used 54469K, capacity 59066K, committed 59160K, reserved 1099776K
  class space    used 6656K, capacity 8048K, committed 8064K, reserved 1048576K
}
Event: 7.593 GC heap before
{Heap before GC invocations=11 (full 3):
 PSYoungGen      total 79872K, used 58368K [0x00000000f5580000, 0x00000000fd200000, 0x0000000100000000)
  eden space 58368K, 100% used [0x00000000f5580000,0x00000000f8e80000,0x00000000f8e80000)
  from space 21504K, 0% used [0x00000000f8e80000,0x00000000f8e80000,0x00000000fa380000)
  to   space 24064K, 0% used [0x00000000fba80000,0x00000000fba80000,0x00000000fd200000)
 ParOldGen       total 118272K, used 37675K [0x00000000e0000000, 0x00000000e7380000, 0x00000000f5580000)
  object space 118272K, 31% used [0x00000000e0000000,0x00000000e24caf90,0x00000000e7380000)
 Metaspace       used 59253K, capacity 64000K, committed 64128K, reserved 1103872K
  class space    used 7350K, capacity 8776K, committed 8832K, reserved 1048576K
Event: 7.607 GC heap after
Heap after GC invocations=11 (full 3):
 PSYoungGen      total 89088K, used 9821K [0x00000000f5580000, 0x00000000fca00000, 0x0000000100000000)
  eden space 73216K, 0% used [0x00000000f5580000,0x00000000f5580000,0x00000000f9d00000)
  from space 15872K, 61% used [0x00000000fba80000,0x00000000fc417630,0x00000000fca00000)
  to   space 23040K, 0% used [0x00000000f9d00000,0x00000000f9d00000,0x00000000fb380000)
 ParOldGen       total 118272K, used 37683K [0x00000000e0000000, 0x00000000e7380000, 0x00000000f5580000)
  object space 118272K, 31% used [0x00000000e0000000,0x00000000e24ccf90,0x00000000e7380000)
 Metaspace       used 59253K, capacity 64000K, committed 64128K, reserved 1103872K
  class space    used 7350K, capacity 8776K, committed 8832K, reserved 1048576K
}
Event: 29.164 GC heap before
{Heap before GC invocations=12 (full 3):
 PSYoungGen      total 89088K, used 83037K [0x00000000f5580000, 0x00000000fca00000, 0x0000000100000000)
  eden space 73216K, 100% used [0x00000000f5580000,0x00000000f9d00000,0x00000000f9d00000)
  from space 15872K, 61% used [0x00000000fba80000,0x00000000fc417630,0x00000000fca00000)
  to   space 23040K, 0% used [0x00000000f9d00000,0x00000000f9d00000,0x00000000fb380000)
 ParOldGen       total 118272K, used 37683K [0x00000000e0000000, 0x00000000e7380000, 0x00000000f5580000)
  object space 118272K, 31% used [0x00000000e0000000,0x00000000e24ccf90,0x00000000e7380000)
 Metaspace       used 68905K, capacity 74804K, committed 75008K, reserved 1114112K
  class space    used 8599K, capacity 10400K, committed 10496K, reserved 1048576K
Event: 29.185 GC heap after
Heap after GC invocations=12 (full 3):
 PSYoungGen      total 96256K, used 20478K [0x00000000f5580000, 0x00000000fd800000, 0x0000000100000000)
  eden space 73216K, 0% used [0x00000000f5580000,0x00000000f5580000,0x00000000f9d00000)
  from space 23040K, 88% used [0x00000000f9d00000,0x00000000fb0ff938,0x00000000fb380000)
  to   space 25600K, 0% used [0x00000000fbf00000,0x00000000fbf00000,0x00000000fd800000)
 ParOldGen       total 118272K, used 37691K [0x00000000e0000000, 0x00000000e7380000, 0x00000000f5580000)
  object space 118272K, 31% used [0x00000000e0000000,0x00000000e24cef90,0x00000000e7380000)
 Metaspace       used 68905K, capacity 74804K, committed 75008K, reserved 1114112K
  class space    used 8599K, capacity 10400K, committed 10496K, reserved 1048576K
}

