# JRE version: Java(TM) SE Runtime Environment (8.0_45-b15) (build 1.8.0_45-b15)
# Java VM: Java HotSpot(TM) 64-Bit Server VM (25.45-b02 mixed mode windows-amd64 compressed oops)
Heap:
 PSYoungGen      total 102400K, used 51894K [0x00000000f5580000, 0x00000000fd500000, 0x0000000100000000)
  eden space 78336K, 66% used [0x00000000f5580000,0x00000000f882db68,0x00000000fa200000)
  from space 24064K, 0% used [0x00000000fa200000,0x00000000fa200000,0x00000000fb980000)
  to   space 26112K, 0% used [0x00000000fbb80000,0x00000000fbb80000,0x00000000fd500000)
 ParOldGen       total 118272K, used 51597K [0x00000000e0000000, 0x00000000e7380000, 0x00000000f5580000)
  object space 118272K, 43% used [0x00000000e0000000,0x00000000e3263668,0x00000000e7380000)
 Metaspace       used 79183K, capacity 85784K, committed 86016K, reserved 1124352K
  class space    used 9875K, capacity 11973K, committed 12032K, reserved 1048576K
GC Heap History (10 events):
Event: 8.006 GC heap before
{Heap before GC invocations=11 (full 3):
 PSYoungGen      total 80384K, used 58880K [0x00000000f5580000, 0x00000000fd300000, 0x0000000100000000)
  eden space 58880K, 100% used [0x00000000f5580000,0x00000000f8f00000,0x00000000f8f00000)
  from space 21504K, 0% used [0x00000000f8f00000,0x00000000f8f00000,0x00000000fa400000)
  to   space 24064K, 0% used [0x00000000fbb80000,0x00000000fbb80000,0x00000000fd300000)
 ParOldGen       total 118272K, used 37417K [0x00000000e0000000, 0x00000000e7380000, 0x00000000f5580000)
  object space 118272K, 31% used [0x00000000e0000000,0x00000000e248a6d0,0x00000000e7380000)
 Metaspace       used 65564K, capacity 71128K, committed 71424K, reserved 1110016K
  class space    used 8199K, capacity 9865K, committed 9984K, reserved 1048576K
Event: 8.022 GC heap after
Heap after GC invocations=11 (full 3):
 PSYoungGen      total 86016K, used 14231K [0x00000000f5580000, 0x00000000fc980000, 0x0000000100000000)
  eden space 71680K, 0% used [0x00000000f5580000,0x00000000f5580000,0x00000000f9b80000)
  from space 14336K, 99% used [0x00000000fbb80000,0x00000000fc965f50,0x00000000fc980000)
  to   space 23552K, 0% used [0x00000000f9b80000,0x00000000f9b80000,0x00000000fb280000)
 ParOldGen       total 118272K, used 37425K [0x00000000e0000000, 0x00000000e7380000, 0x00000000f5580000)
  object space 118272K, 31% used [0x00000000e0000000,0x00000000e248c6d0,0x00000000e7380000)
 Metaspace       used 65564K, capacity 71128K, committed 71424K, reserved 1110016K
  class space    used 8199K, capacity 9865K, committed 9984K, reserved 1048576K
}
Event: 30.289 GC heap before
{Heap before GC invocations=12 (full 3):
 PSYoungGen      total 86016K, used 85911K [0x00000000f5580000, 0x00000000fc980000, 0x0000000100000000)
  eden space 71680K, 100% used [0x00000000f5580000,0x00000000f9b80000,0x00000000f9b80000)
  from space 14336K, 99% used [0x00000000fbb80000,0x00000000fc965f50,0x00000000fc980000)
  to   space 23552K, 0% used [0x00000000f9b80000,0x00000000f9b80000,0x00000000fb280000)
 ParOldGen       total 118272K, used 37425K [0x00000000e0000000, 0x00000000e7380000, 0x00000000f5580000)
  object space 118272K, 31% used [0x00000000e0000000,0x00000000e248c6d0,0x00000000e7380000)
 Metaspace       used 72011K, capacity 77832K, committed 78208K, reserved 1116160K
  class space    used 8984K, capacity 10783K, committed 10880K, reserved 1048576K
Event: 30.308 GC heap after
Heap after GC invocations=12 (full 3):
 PSYoungGen      total 95232K, used 14172K [0x00000000f5580000, 0x00000000fd000000, 0x0000000100000000)
  eden space 71680K, 0% used [0x00000000f5580000,0x00000000f5580000,0x00000000f9b80000)
  from space 23552K, 60% used [0x00000000f9b80000,0x00000000fa9573c8,0x00000000fb280000)
  to   space 23040K, 0% used [0x00000000fb980000,0x00000000fb980000,0x00000000fd000000)
 ParOldGen       total 118272K, used 37433K [0x00000000e0000000, 0x00000000e7380000, 0x00000000f5580000)
  object space 118272K, 31% used [0x00000000e0000000,0x00000000e248e6d0,0x00000000e7380000)
 Metaspace       used 72011K, capacity 77832K, committed 78208K, reserved 1116160K
  class space    used 8984K, capacity 10783K, committed 10880K, reserved 1048576K
}
Event: 38.965 GC heap before
{Heap before GC invocations=13 (full 3):
 PSYoungGen      total 95232K, used 85852K [0x00000000f5580000, 0x00000000fd000000, 0x0000000100000000)
  eden space 71680K, 100% used [0x00000000f5580000,0x00000000f9b80000,0x00000000f9b80000)
  from space 23552K, 60% used [0x00000000f9b80000,0x00000000fa9573c8,0x00000000fb280000)
  to   space 23040K, 0% used [0x00000000fb980000,0x00000000fb980000,0x00000000fd000000)
 ParOldGen       total 118272K, used 37433K [0x00000000e0000000, 0x00000000e7380000, 0x00000000f5580000)
  object space 118272K, 31% used [0x00000000e0000000,0x00000000e248e6d0,0x00000000e7380000)
 Metaspace       used 74045K, capacity 79932K, committed 80128K, reserved 1118208K
  class space    used 9290K, capacity 11138K, committed 11264K, reserved 1048576K
Event: 38.983 GC heap after
Heap after GC invocations=13 (full 3):
 PSYoungGen      total 101376K, used 17392K [0x00000000f5580000, 0x00000000fd100000, 0x0000000100000000)
  eden space 78336K, 0% used [0x00000000f5580000,0x00000000f5580000,0x00000000fa200000)
  from space 23040K, 75% used [0x00000000fb980000,0x00000000fca7c038,0x00000000fd000000)
  to   space 24064K, 0% used [0x00000000fa200000,0x00000000fa200000,0x00000000fb980000)
 ParOldGen       total 118272K, used 37441K [0x00000000e0000000, 0x00000000e7380000, 0x00000000f5580000)
  object space 118272K, 31% used [0x00000000e0000000,0x00000000e24906d0,0x00000000e7380000)
 Metaspace       used 74045K, capacity 79932K, committed 80128K, reserved 1118208K
  class space    used 9290K, capacity 11138K, committed 11264K, reserved 1048576K
}
Event: 66.057 GC heap before
{Heap before GC invocations=14 (full 3):
 PSYoungGen      total 101376K, used 77468K [0x00000000f5580000, 0x00000000fd100000, 0x0000000100000000)
  eden space 78336K, 76% used [0x00000000f5580000,0x00000000f902b1a0,0x00000000fa200000)
  from space 23040K, 75% used [0x00000000fb980000,0x00000000fca7c038,0x00000000fd000000)
  to   space 24064K, 0% used [0x00000000fa200000,0x00000000fa200000,0x00000000fb980000)
 ParOldGen       total 118272K, used 37441K [0x00000000e0000000, 0x00000000e7380000, 0x00000000f5580000)
  object space 118272K, 31% used [0x00000000e0000000,0x00000000e24906d0,0x00000000e7380000)
 Metaspace       used 77530K, capacity 84156K, committed 84224K, reserved 1122304K
  class space    used 9719K, capacity 11775K, committed 11776K, reserved 1048576K
Event: 66.098 GC heap after
Heap after GC invocations=14 (full 3):
 PSYoungGen      total 102400K, used 21256K [0x00000000f5580000, 0x00000000fd500000, 0x0000000100000000)
  eden space 78336K, 0% used [0x00000000f5580000,0x00000000f5580000,0x00000000fa200000)
  from space 24064K, 88% used [0x00000000fa200000,0x00000000fb6c2310,0x00000000fb980000)
  to   space 26112K, 0% used [0x00000000fbb80000,0x00000000fbb80000,0x00000000fd500000)
 ParOldGen       total 118272K, used 37449K [0x00000000e0000000, 0x00000000e7380000, 0x00000000f5580000)
  object space 118272K, 31% used [0x00000000e0000000,0x00000000e24926d0,0x00000000e7380000)
 Metaspace       used 77530K, capacity 84156K, committed 84224K, reserved 1122304K
  class space    used 9719K, capacity 11775K, committed 11776K, reserved 1048576K
}
Event: 66.098 GC heap before
{Heap before GC invocations=15 (full 4):
 PSYoungGen      total 102400K, used 21256K [0x00000000f5580000, 0x00000000fd500000, 0x0000000100000000)
  eden space 78336K, 0% used [0x00000000f5580000,0x00000000f5580000,0x00000000fa200000)
  from space 24064K, 88% used [0x00000000fa200000,0x00000000fb6c2310,0x00000000fb980000)
  to   space 26112K, 0% used [0x00000000fbb80000,0x00000000fbb80000,0x00000000fd500000)
 ParOldGen       total 118272K, used 37449K [0x00000000e0000000, 0x00000000e7380000, 0x00000000f5580000)
  object space 118272K, 31% used [0x00000000e0000000,0x00000000e24926d0,0x00000000e7380000)
 Metaspace       used 77530K, capacity 84156K, committed 84224K, reserved 1122304K
  class space    used 9719K, capacity 11775K, committed 11776K, reserved 1048576K
Event: 66.483 GC heap after
Heap after GC invocations=15 (full 4):
 PSYoungGen      total 102400K, used 0K [0x00000000f5580000, 0x00000000fd500000, 0x0000000100000000)
  eden space 78336K, 0% used [0x00000000f5580000,0x00000000f5580000,0x00000000fa200000)
  from space 24064K, 0% used [0x00000000fa200000,0x00000000fa200000,0x00000000fb980000)
  to   space 26112K, 0% used [0x00000000fbb80000,0x00000000fbb80000,0x00000000fd500000)
 ParOldGen       total 118272K, used 51597K [0x00000000e0000000, 0x00000000e7380000, 0x00000000f5580000)
  object space 118272K, 43% used [0x00000000e0000000,0x00000000e3263668,0x00000000e7380000)
 Metaspace       used 77530K, capacity 84156K, committed 84224K, reserved 1122304K
  class space    used 9719K, capacity 11775K, committed 11776K, reserved 1048576K
}

